<?xml version="1.0" encoding="UTF-8"?>
<!-- Generated by org.testng.reporters.JUnitXMLReporter -->
<testsuite ignored="8" hostname="LTIN488334" failures="0" tests="0" time="9.279" errors="0" timestamp="2026-03-10T16:54:28 IST">
  <testcase classname="AmazonLoginTestAdvanced" name="testPasswordFieldAppears" time="0.0">
    <ignored/>
  </testcase> <!-- testPasswordFieldAppears -->
  <testcase classname="AmazonLoginTestAdvanced" name="testInvalidEmailFormat" time="0.0">
    <ignored/>
  </testcase> <!-- testInvalidEmailFormat -->
  <testcase classname="AmazonLoginTestAdvanced" name="testLoginPageTitle" time="0.0">
    <ignored/>
  </testcase> <!-- testLoginPageTitle -->
  <testcase classname="AmazonLoginTestAdvanced" name="testEmailInputField" time="0.0">
    <ignored/>
  </testcase> <!-- testEmailInputField -->
  <testcase classname="AmazonLoginTestAdvanced" name="testCreateAccountLink" time="0.0">
    <ignored/>
  </testcase> <!-- testCreateAccountLink -->
  <testcase classname="AmazonLoginTestAdvanced" name="testForgotPasswordLink" time="0.0">
    <ignored/>
  </testcase> <!-- testForgotPasswordLink -->
  <testcase classname="AmazonLoginTestAdvanced" name="testLoginPageElements" time="0.0">
    <ignored/>
  </testcase> <!-- testLoginPageElements -->
  <testcase classname="AmazonLoginTestAdvanced" name="testEmptyEmailValidation" time="0.0">
    <ignored/>
  </testcase> <!-- testEmptyEmailValidation -->
</testsuite>
